<?xml version="1.0" encoding="UTF-8"?>
<testsuite name="TestFlatMap" tests="2" skipped="0" failures="0" errors="0" timestamp="2020-08-19T03:19:30" hostname="DESKTOP-OFMMDFT" time="0.054">
  <properties/>
  <testcase name="testGetOrderedProductsSet" classname="TestFlatMap" time="0.051"/>
  <testcase name="testGetAllOrderedProducts" classname="TestFlatMap" time="0.003"/>
  <system-out><![CDATA[]]></system-out>
  <system-err><![CDATA[]]></system-err>
</testsuite>
