<?xml version="1.0" encoding="UTF-8"?>
<testsuite name="TestIntroduction" tests="1" skipped="0" failures="0" errors="0" timestamp="2020-08-19T02:45:08" hostname="DESKTOP-OFMMDFT" time="0.029">
  <properties/>
  <testcase name="testSetOfCustomers" classname="TestIntroduction" time="0.029"/>
  <system-out><![CDATA[]]></system-out>
  <system-err><![CDATA[]]></system-err>
</testsuite>
