<?xml version="1.0" encoding="UTF-8"?>
<testsuite name="Test" tests="1" skipped="0" failures="0" errors="0" timestamp="2020-08-19T01:54:43" hostname="DESKTOP-OFMMDFT" time="0.032">
  <properties/>
  <testcase name="testSolution" classname="Test" time="0.032"/>
  <system-out><![CDATA[]]></system-out>
  <system-err><![CDATA[]]></system-err>
</testsuite>
