<?xml version="1.0" encoding="UTF-8"?>
<testsuite name="TestGroupBy" tests="1" skipped="0" failures="0" errors="0" timestamp="2020-08-19T03:04:30" hostname="DESKTOP-OFMMDFT" time="0.029">
  <properties/>
  <testcase name="testGroupCustomersByCity" classname="TestGroupBy" time="0.029"/>
  <system-out><![CDATA[]]></system-out>
  <system-err><![CDATA[]]></system-err>
</testsuite>
